Build started 07-Dec-18 3:58:07 PM.
     1>Project "E:\lap trinh\doAnCuoiKi_String\doAnCuoiKi_String\doAnCuoiKi_String.vcxproj" on node 2 (Build target(s)).
     1>ClCompile:
         C:\Program Files (x86)\Microsoft Visual Studio 12.0\VC\bin\CL.exe /c /ZI /nologo /W3 /WX- /Od /Oy- /D WIN32 /D _DEBUG /D _CONSOLE /D _LIB /D _UNICODE /D UNICODE /Gm /EHsc /RTC1 /MDd /GS /fp:precise /Zc:wchar_t /Zc:forScope /Fo"Debug\\" /Fd"Debug\vc120.pdb" /Gd /TP /analyze- /errorReport:prompt capacity.cpp "element access.cpp" iterator.cpp main.cpp modifiers.cpp "non-member function overloads.cpp" "string operations.cpp" string.cpp
         string.cpp
         string operations.cpp
     1>e:\lap trinh\doancuoiki_string\doancuoiki_string\string operations.cpp(19): warning C4996: 'strcpy': This function or variable may be unsafe. Consider using strcpy_s instead. To disable deprecation, use _CRT_SECURE_NO_WARNINGS. See online help for details.
                 c:\program files (x86)\microsoft visual studio 12.0\vc\include\string.h(112) : see declaration of 'strcpy'
     1>e:\lap trinh\doancuoiki_string\doancuoiki_string\string operations.cpp(25): warning C4996: 'strcpy': This function or variable may be unsafe. Consider using strcpy_s instead. To disable deprecation, use _CRT_SECURE_NO_WARNINGS. See online help for details.
                 c:\program files (x86)\microsoft visual studio 12.0\vc\include\string.h(112) : see declaration of 'strcpy'
     1>e:\lap trinh\doancuoiki_string\doancuoiki_string\string operations.cpp(82): warning C4996: 'strcpy': This function or variable may be unsafe. Consider using strcpy_s instead. To disable deprecation, use _CRT_SECURE_NO_WARNINGS. See online help for details.
                 c:\program files (x86)\microsoft visual studio 12.0\vc\include\string.h(112) : see declaration of 'strcpy'
     1>e:\lap trinh\doancuoiki_string\doancuoiki_string\string operations.cpp(302): warning C4172: returning address of local variable or temporary
         non-member function overloads.cpp
     1>e:\lap trinh\doancuoiki_string\doancuoiki_string\non-member function overloads.cpp(157): warning C4996: 'strcpy': This function or variable may be unsafe. Consider using strcpy_s instead. To disable deprecation, use _CRT_SECURE_NO_WARNINGS. See online help for details.
                 c:\program files (x86)\microsoft visual studio 12.0\vc\include\string.h(112) : see declaration of 'strcpy'
     1>e:\lap trinh\doancuoiki_string\doancuoiki_string\non-member function overloads.cpp(176): warning C4996: 'strcpy': This function or variable may be unsafe. Consider using strcpy_s instead. To disable deprecation, use _CRT_SECURE_NO_WARNINGS. See online help for details.
                 c:\program files (x86)\microsoft visual studio 12.0\vc\include\string.h(112) : see declaration of 'strcpy'
         modifiers.cpp
         main.cpp
         iterator.cpp
         element access.cpp
         capacity.cpp
         Generating Code...
     1>e:\lap trinh\doancuoiki_string\doancuoiki_string\modifiers.cpp(57): warning C4717: 'String::append' : recursive on all control paths, function will cause runtime stack overflow
       Link:
         C:\Program Files (x86)\Microsoft Visual Studio 12.0\VC\bin\link.exe /ERRORREPORT:PROMPT /OUT:"E:\lap trinh\doAnCuoiKi_String\Debug\doAnCuoiKi_String.exe" /INCREMENTAL /NOLOGO kernel32.lib user32.lib gdi32.lib winspool.lib comdlg32.lib advapi32.lib shell32.lib ole32.lib oleaut32.lib uuid.lib odbc32.lib odbccp32.lib /MANIFEST /MANIFESTUAC:"level='asInvoker' uiAccess='false'" /manifest:embed /DEBUG /PDB:"E:\lap trinh\doAnCuoiKi_String\Debug\doAnCuoiKi_String.pdb" /SUBSYSTEM:CONSOLE /TLBID:1 /DYNAMICBASE /NXCOMPAT /IMPLIB:"E:\lap trinh\doAnCuoiKi_String\Debug\doAnCuoiKi_String.lib" /MACHINE:X86 Debug\capacity.obj
         "Debug\element access.obj"
         Debug\iterator.obj
         Debug\main.obj
         Debug\modifiers.obj
         "Debug\non-member function overloads.obj"
         "Debug\string operations.obj"
         Debug\string.obj
         doAnCuoiKi_String.vcxproj -> E:\lap trinh\doAnCuoiKi_String\Debug\doAnCuoiKi_String.exe
     1>Done Building Project "E:\lap trinh\doAnCuoiKi_String\doAnCuoiKi_String\doAnCuoiKi_String.vcxproj" (Build target(s)).

Build succeeded.

Time Elapsed 00:00:03.42
